  [1m[35m (791.5ms)[0m  [1m[35mCREATE DATABASE "bid_api_development" ENCODING = 'unicode'[0m
  [1m[35m (246.0ms)[0m  [1m[35mCREATE DATABASE "bid_api_test" ENCODING = 'unicode'[0m
  [1m[35m (38.3ms)[0m  [1m[35mCREATE TABLE "schema_migrations" ("version" character varying NOT NULL PRIMARY KEY)[0m
  [1m[35m (4.6ms)[0m  [1m[35mCREATE TABLE "ar_internal_metadata" ("key" character varying NOT NULL PRIMARY KEY, "value" character varying, "created_at" timestamp(6) NOT NULL, "updated_at" timestamp(6) NOT NULL)[0m
  [1m[35m (0.7ms)[0m  [1m[34mSELECT pg_try_advisory_lock(7780220355820923255)[0m
  [1m[35m (0.5ms)[0m  [1m[34mSELECT "schema_migrations"."version" FROM "schema_migrations" ORDER BY "schema_migrations"."version" ASC[0m
Migrating to CreateAuctions (20211119183342)
  [1m[36mTRANSACTION (0.6ms)[0m  [1m[35mBEGIN[0m
  [1m[35m (36.1ms)[0m  [1m[35mCREATE TABLE "auctions" ("id" bigserial primary key, "title" character varying, "body" text, "created_at" timestamp(6) NOT NULL, "updated_at" timestamp(6) NOT NULL)[0m
  [1m[36mActiveRecord::SchemaMigration Create (5.6ms)[0m  [1m[32mINSERT INTO "schema_migrations" ("version") VALUES ($1) RETURNING "version"[0m  [["version", "20211119183342"]]
  [1m[36mTRANSACTION (3.9ms)[0m  [1m[35mCOMMIT[0m
Migrating to CreateBids (20211119183651)
  [1m[36mTRANSACTION (23.3ms)[0m  [1m[35mBEGIN[0m
  [1m[35m (5.0ms)[0m  [1m[35mCREATE TABLE "bids" ("id" bigserial primary key, "price" integer, "auction_id" bigint NOT NULL, "created_at" timestamp(6) NOT NULL, "updated_at" timestamp(6) NOT NULL, CONSTRAINT "fk_rails_7332d1a025"
FOREIGN KEY ("auction_id")
  REFERENCES "auctions" ("id")
)[0m
  [1m[35m (1.0ms)[0m  [1m[35mCREATE INDEX "index_bids_on_auction_id" ON "bids" ("auction_id")[0m
  [1m[36mActiveRecord::SchemaMigration Create (3.2ms)[0m  [1m[32mINSERT INTO "schema_migrations" ("version") VALUES ($1) RETURNING "version"[0m  [["version", "20211119183651"]]
  [1m[36mTRANSACTION (1.3ms)[0m  [1m[35mCOMMIT[0m
  [1m[36mActiveRecord::InternalMetadata Load (0.4ms)[0m  [1m[34mSELECT "ar_internal_metadata".* FROM "ar_internal_metadata" WHERE "ar_internal_metadata"."key" = $1 LIMIT $2[0m  [["key", "environment"], ["LIMIT", 1]]
  [1m[36mTRANSACTION (0.1ms)[0m  [1m[35mBEGIN[0m
  [1m[36mActiveRecord::InternalMetadata Create (0.5ms)[0m  [1m[32mINSERT INTO "ar_internal_metadata" ("key", "value", "created_at", "updated_at") VALUES ($1, $2, $3, $4) RETURNING "key"[0m  [["key", "environment"], ["value", "development"], ["created_at", "2021-11-19 18:38:15.106772"], ["updated_at", "2021-11-19 18:38:15.106772"]]
  [1m[36mTRANSACTION (0.5ms)[0m  [1m[35mCOMMIT[0m
  [1m[35m (0.3ms)[0m  [1m[34mSELECT pg_advisory_unlock(7780220355820923255)[0m
  [1m[35m (1.7ms)[0m  [1m[34mSELECT "schema_migrations"."version" FROM "schema_migrations" ORDER BY "schema_migrations"."version" ASC[0m
  [1m[36mTRANSACTION (16.2ms)[0m  [1m[35mBEGIN[0m
  [1m[36mAuction Create (3.8ms)[0m  [1m[32mINSERT INTO "auctions" ("title", "body", "created_at", "updated_at") VALUES ($1, $2, $3, $4) RETURNING "id"[0m  [["title", "mac-pro"], ["body", "2nd generation bought in 2020"], ["created_at", "2021-11-19 19:30:30.058717"], ["updated_at", "2021-11-19 19:30:30.058717"]]
  [1m[36mTRANSACTION (2.8ms)[0m  [1m[35mCOMMIT[0m
Started GET "/" for ::1 at 2021-11-19 11:31:15 -0800
  [1m[35m (2.1ms)[0m  [1m[34mSELECT "schema_migrations"."version" FROM "schema_migrations" ORDER BY "schema_migrations"."version" ASC[0m
Processing by Rails::WelcomeController#index as HTML
  Rendering /Users/dimple/.rvm/gems/ruby-3.0.0/gems/railties-6.1.4.1/lib/rails/templates/rails/welcome/index.html.erb
  Rendered /Users/dimple/.rvm/gems/ruby-3.0.0/gems/railties-6.1.4.1/lib/rails/templates/rails/welcome/index.html.erb (Duration: 63.2ms | Allocations: 521)
Completed 200 OK in 166ms (Views: 129.5ms | ActiveRecord: 0.0ms | Allocations: 4044)


Started GET "/api/v1/products" for ::1 at 2021-11-19 11:31:19 -0800
  
ActionController::RoutingError (No route matches [GET] "/api/v1/products"):
  
Started GET "/api/v1/actions" for ::1 at 2021-11-19 11:31:23 -0800
  
ActionController::RoutingError (uninitialized constant Api::V1::ActionsController
Did you mean?  Api::V1::AuctionsController
               ActionController
               Api::V1::SessionsController):
  
Started GET "/api/v1/auctions" for ::1 at 2021-11-19 11:31:29 -0800
  
ActionController::RoutingError (No route matches [GET] "/api/v1/auctions"):
  
Started GET "/api/v1/auctions/1" for ::1 at 2021-11-19 11:31:40 -0800
  
ActionController::RoutingError (No route matches [GET] "/api/v1/auctions/1"):
  
Started GET "/api/v1/auctions/1" for ::1 at 2021-11-19 11:32:50 -0800
Processing by Api::V1::AuctionsController#show as JSON
  Parameters: {"id"=>"1"}
No template found for Api::V1::AuctionsController#show, rendering head :no_content
Completed 204 No Content in 19ms (ActiveRecord: 0.0ms | Allocations: 2093)


Started GET "/api/v1/auctions/1" for ::1 at 2021-11-19 11:32:53 -0800
Processing by Api::V1::AuctionsController#show as JSON
  Parameters: {"id"=>"1"}
No template found for Api::V1::AuctionsController#show, rendering head :no_content
Completed 204 No Content in 2ms (ActiveRecord: 0.0ms | Allocations: 200)


Started GET "/api/v1/auctions" for ::1 at 2021-11-19 11:33:58 -0800
  [1m[35m (3.5ms)[0m  [1m[34mSELECT "schema_migrations"."version" FROM "schema_migrations" ORDER BY "schema_migrations"."version" ASC[0m
Processing by Api::V1::AuctionsController#index as JSON
  [1m[36mAuction Load (5.3ms)[0m  [1m[34mSELECT "auctions".* FROM "auctions" ORDER BY "auctions"."created_at" DESC[0m
  ↳ app/controllers/api/v1/auctions_controller.rb:4:in `index'
Completed 200 OK in 76ms (Views: 9.3ms | ActiveRecord: 43.5ms | Allocations: 7042)


Started GET "/api/v1/auctions" for ::1 at 2021-11-19 11:36:48 -0800
Processing by Api::V1::AuctionsController#index as JSON
  [1m[36mAuction Load (2.2ms)[0m  [1m[34mSELECT "auctions".* FROM "auctions" ORDER BY "auctions"."created_at" DESC[0m
  ↳ app/controllers/api/v1/auctions_controller.rb:6:in `index'
Completed 200 OK in 62ms (Views: 8.5ms | ActiveRecord: 40.1ms | Allocations: 4922)


Started GET "/api/v1/auctions/1" for ::1 at 2021-11-19 11:36:52 -0800
Processing by Api::V1::AuctionsController#show as JSON
  Parameters: {"id"=>"1"}
  [1m[36mAuction Load (1.0ms)[0m  [1m[34mSELECT "auctions".* FROM "auctions" WHERE "auctions"."id" = $1 LIMIT $2[0m  [["id", 1], ["LIMIT", 1]]
  ↳ app/controllers/api/v1/auctions_controller.rb:23:in `find_auction'
Completed 200 OK in 49ms (Views: 0.8ms | ActiveRecord: 2.5ms | Allocations: 1711)


Started GET "/api/v1/auctions/1" for ::1 at 2021-11-19 11:37:00 -0800
Processing by Api::V1::AuctionsController#show as JSON
  Parameters: {"id"=>"1"}
  [1m[36mAuction Load (4.9ms)[0m  [1m[34mSELECT "auctions".* FROM "auctions" WHERE "auctions"."id" = $1 LIMIT $2[0m  [["id", 1], ["LIMIT", 1]]
  ↳ app/controllers/api/v1/auctions_controller.rb:23:in `find_auction'
Completed 200 OK in 18ms (Views: 0.9ms | ActiveRecord: 4.9ms | Allocations: 951)


Started GET "/api/v1/auctions/2" for ::1 at 2021-11-19 11:37:02 -0800
Processing by Api::V1::AuctionsController#show as JSON
  Parameters: {"id"=>"2"}
  [1m[36mAuction Load (1.1ms)[0m  [1m[34mSELECT "auctions".* FROM "auctions" WHERE "auctions"."id" = $1 LIMIT $2[0m  [["id", 2], ["LIMIT", 1]]
  ↳ app/controllers/api/v1/auctions_controller.rb:23:in `find_auction'
Completed 404 Not Found in 24ms (ActiveRecord: 1.1ms | Allocations: 1178)


  
ActiveRecord::RecordNotFound (Couldn't find Auction with 'id'=2):
  
app/controllers/api/v1/auctions_controller.rb:23:in `find_auction'
  [1m[35m (26.9ms)[0m  [1m[34mSELECT "schema_migrations"."version" FROM "schema_migrations" ORDER BY "schema_migrations"."version" ASC[0m
  [1m[35m (0.4ms)[0m  [1m[34mSELECT "schema_migrations"."version" FROM "schema_migrations" ORDER BY "schema_migrations"."version" ASC[0m
  [1m[35m (0.3ms)[0m  [1m[34mSELECT "schema_migrations"."version" FROM "schema_migrations" ORDER BY "schema_migrations"."version" ASC[0m
  [1m[35m (0.4ms)[0m  [1m[34mSELECT pg_try_advisory_lock(7780220355820923255)[0m
  [1m[35m (0.3ms)[0m  [1m[34mSELECT "schema_migrations"."version" FROM "schema_migrations" ORDER BY "schema_migrations"."version" ASC[0m
Migrating to CreateBids (20211119183651)
  [1m[36mTRANSACTION (2.1ms)[0m  [1m[35mBEGIN[0m
  [1m[35m (9.4ms)[0m  [1m[35mDROP TABLE "bids"[0m
  [1m[36mActiveRecord::SchemaMigration Destroy (26.4ms)[0m  [1m[31mDELETE FROM "schema_migrations" WHERE "schema_migrations"."version" = $1[0m  [["version", "20211119183651"]]
  [1m[36mTRANSACTION (47.5ms)[0m  [1m[35mCOMMIT[0m
  [1m[35m (0.3ms)[0m  [1m[34mSELECT pg_advisory_unlock(7780220355820923255)[0m
  [1m[35m (2.0ms)[0m  [1m[34mSELECT "schema_migrations"."version" FROM "schema_migrations" ORDER BY "schema_migrations"."version" ASC[0m
  [1m[35m (0.2ms)[0m  [1m[34mSELECT pg_try_advisory_lock(7780220355820923255)[0m
  [1m[35m (1.1ms)[0m  [1m[34mSELECT "schema_migrations"."version" FROM "schema_migrations" ORDER BY "schema_migrations"."version" ASC[0m
Migrating to CreateBids (20211119183651)
  [1m[36mTRANSACTION (21.4ms)[0m  [1m[35mBEGIN[0m
  [1m[35m (57.5ms)[0m  [1m[35mCREATE TABLE "bids" ("id" bigserial primary key, "price" integer, "auction_id" bigint NOT NULL, "created_at" timestamp(6) NOT NULL, "updated_at" timestamp(6) NOT NULL, CONSTRAINT "fk_rails_7332d1a025"
FOREIGN KEY ("auction_id")
  REFERENCES "auctions" ("id")
)[0m
  [1m[35m (4.4ms)[0m  [1m[35mCREATE INDEX "index_bids_on_auction_id" ON "bids" ("auction_id")[0m
  [1m[36mActiveRecord::SchemaMigration Create (23.1ms)[0m  [1m[32mINSERT INTO "schema_migrations" ("version") VALUES ($1) RETURNING "version"[0m  [["version", "20211119183651"]]
  [1m[36mTRANSACTION (1.6ms)[0m  [1m[35mCOMMIT[0m
  [1m[36mActiveRecord::InternalMetadata Load (0.6ms)[0m  [1m[34mSELECT "ar_internal_metadata".* FROM "ar_internal_metadata" WHERE "ar_internal_metadata"."key" = $1 LIMIT $2[0m  [["key", "environment"], ["LIMIT", 1]]
  [1m[35m (0.5ms)[0m  [1m[34mSELECT pg_advisory_unlock(7780220355820923255)[0m
  [1m[35m (0.7ms)[0m  [1m[34mSELECT "schema_migrations"."version" FROM "schema_migrations" ORDER BY "schema_migrations"."version" ASC[0m
  [1m[35m (0.7ms)[0m  [1m[34mSELECT "schema_migrations"."version" FROM "schema_migrations" ORDER BY "schema_migrations"."version" ASC[0m
  [1m[35m (32.0ms)[0m  [1m[34mSELECT "schema_migrations"."version" FROM "schema_migrations" ORDER BY "schema_migrations"."version" ASC[0m
  [1m[35m (0.4ms)[0m  [1m[34mSELECT "schema_migrations"."version" FROM "schema_migrations" ORDER BY "schema_migrations"."version" ASC[0m
  [1m[35m (0.5ms)[0m  [1m[34mSELECT pg_try_advisory_lock(7780220355820923255)[0m
  [1m[35m (0.3ms)[0m  [1m[34mSELECT "schema_migrations"."version" FROM "schema_migrations" ORDER BY "schema_migrations"."version" ASC[0m
Migrating to CreateBids (20211119183651)
  [1m[36mTRANSACTION (0.9ms)[0m  [1m[35mBEGIN[0m
  [1m[35m (2.0ms)[0m  [1m[35mDROP TABLE "bids"[0m
  [1m[36mActiveRecord::SchemaMigration Destroy (2.3ms)[0m  [1m[31mDELETE FROM "schema_migrations" WHERE "schema_migrations"."version" = $1[0m  [["version", "20211119183651"]]
  [1m[36mTRANSACTION (4.3ms)[0m  [1m[35mCOMMIT[0m
  [1m[35m (26.1ms)[0m  [1m[34mSELECT pg_advisory_unlock(7780220355820923255)[0m
  [1m[35m (26.0ms)[0m  [1m[34mSELECT "schema_migrations"."version" FROM "schema_migrations" ORDER BY "schema_migrations"."version" ASC[0m
  [1m[35m (0.5ms)[0m  [1m[34mSELECT pg_try_advisory_lock(7780220355820923255)[0m
  [1m[35m (0.9ms)[0m  [1m[34mSELECT "schema_migrations"."version" FROM "schema_migrations" ORDER BY "schema_migrations"."version" ASC[0m
Migrating to CreateBids (20211119183651)
  [1m[36mTRANSACTION (22.2ms)[0m  [1m[35mBEGIN[0m
  [1m[35m (98.5ms)[0m  [1m[35mCREATE TABLE "bids" ("id" bigserial primary key, "price" integer, "auction_id" bigint NOT NULL, "created_at" timestamp(6) NOT NULL, "updated_at" timestamp(6) NOT NULL, CONSTRAINT "fk_rails_7332d1a025"
FOREIGN KEY ("auction_id")
  REFERENCES "auctions" ("id")
)[0m
  [1m[35m (2.1ms)[0m  [1m[35mCREATE INDEX "index_bids_on_auction_id" ON "bids" ("auction_id")[0m
  [1m[36mActiveRecord::SchemaMigration Create (9.9ms)[0m  [1m[32mINSERT INTO "schema_migrations" ("version") VALUES ($1) RETURNING "version"[0m  [["version", "20211119183651"]]
  [1m[36mTRANSACTION (0.7ms)[0m  [1m[35mCOMMIT[0m
  [1m[36mActiveRecord::InternalMetadata Load (0.9ms)[0m  [1m[34mSELECT "ar_internal_metadata".* FROM "ar_internal_metadata" WHERE "ar_internal_metadata"."key" = $1 LIMIT $2[0m  [["key", "environment"], ["LIMIT", 1]]
  [1m[35m (0.3ms)[0m  [1m[34mSELECT pg_advisory_unlock(7780220355820923255)[0m
  [1m[35m (1.6ms)[0m  [1m[34mSELECT "schema_migrations"."version" FROM "schema_migrations" ORDER BY "schema_migrations"."version" ASC[0m
  [1m[35m (0.2ms)[0m  [1m[34mSELECT pg_try_advisory_lock(7780220355820923255)[0m
  [1m[35m (0.8ms)[0m  [1m[34mSELECT "schema_migrations"."version" FROM "schema_migrations" ORDER BY "schema_migrations"."version" ASC[0m
Migrating to AddPriceToAuctions (20211119194602)
  [1m[36mTRANSACTION (22.3ms)[0m  [1m[35mBEGIN[0m
  [1m[35m (0.8ms)[0m  [1m[35mALTER TABLE "auctions" ADD "price" integer[0m
  [1m[36mActiveRecord::SchemaMigration Create (16.5ms)[0m  [1m[32mINSERT INTO "schema_migrations" ("version") VALUES ($1) RETURNING "version"[0m  [["version", "20211119194602"]]
  [1m[36mTRANSACTION (1.4ms)[0m  [1m[35mCOMMIT[0m
  [1m[36mActiveRecord::InternalMetadata Load (0.5ms)[0m  [1m[34mSELECT "ar_internal_metadata".* FROM "ar_internal_metadata" WHERE "ar_internal_metadata"."key" = $1 LIMIT $2[0m  [["key", "environment"], ["LIMIT", 1]]
  [1m[35m (0.3ms)[0m  [1m[34mSELECT pg_advisory_unlock(7780220355820923255)[0m
  [1m[35m (0.7ms)[0m  [1m[34mSELECT "schema_migrations"."version" FROM "schema_migrations" ORDER BY "schema_migrations"."version" ASC[0m
  [1m[36mAuction Load (0.4ms)[0m  [1m[34mSELECT "auctions".* FROM "auctions" ORDER BY "auctions"."id" ASC LIMIT $1[0m  [["LIMIT", 1]]
  [1m[36mTRANSACTION (0.2ms)[0m  [1m[35mBEGIN[0m
  [1m[36mBid Load (2.3ms)[0m  [1m[34mSELECT "bids".* FROM "bids" WHERE "bids"."auction_id" = $1[0m  [["auction_id", 1]]
  [1m[36mAuction Destroy (6.0ms)[0m  [1m[31mDELETE FROM "auctions" WHERE "auctions"."id" = $1[0m  [["id", 1]]
  [1m[36mTRANSACTION (2.3ms)[0m  [1m[35mCOMMIT[0m
  [1m[36mTRANSACTION (125.4ms)[0m  [1m[35mBEGIN[0m
  [1m[36mAuction Create (1.3ms)[0m  [1m[32mINSERT INTO "auctions" ("title", "body", "created_at", "updated_at", "price") VALUES ($1, $2, $3, $4, $5) RETURNING "id"[0m  [["title", "mac-pro"], ["body", "3re generation bought in 2020"], ["created_at", "2021-11-19 19:48:30.986857"], ["updated_at", "2021-11-19 19:48:30.986857"], ["price", 200]]
  [1m[36mTRANSACTION (4.3ms)[0m  [1m[35mCOMMIT[0m
  [1m[36mTRANSACTION (12.9ms)[0m  [1m[35mBEGIN[0m
  [1m[36mAuction Load (1.1ms)[0m  [1m[34mSELECT "auctions".* FROM "auctions" WHERE "auctions"."id" = $1 LIMIT $2[0m  [["id", 2], ["LIMIT", 1]]
  [1m[36mBid Create (1.4ms)[0m  [1m[32mINSERT INTO "bids" ("price", "auction_id", "created_at", "updated_at") VALUES ($1, $2, $3, $4) RETURNING "id"[0m  [["price", 190], ["auction_id", 2], ["created_at", "2021-11-19 19:49:22.165754"], ["updated_at", "2021-11-19 19:49:22.165754"]]
  [1m[36mTRANSACTION (0.7ms)[0m  [1m[35mCOMMIT[0m
Started GET "/api/v1/auctions/2" for ::1 at 2021-11-19 11:49:43 -0800
  [1m[35m (1.4ms)[0m  [1m[34mSELECT "schema_migrations"."version" FROM "schema_migrations" ORDER BY "schema_migrations"."version" ASC[0m
Processing by Api::V1::AuctionsController#show as JSON
  Parameters: {"id"=>"2"}
  [1m[36mAuction Load (1.1ms)[0m  [1m[34mSELECT "auctions".* FROM "auctions" WHERE "auctions"."id" = $1 LIMIT $2[0m  [["id", 2], ["LIMIT", 1]]
  ↳ app/controllers/api/v1/auctions_controller.rb:23:in `find_auction'
Completed 200 OK in 72ms (Views: 1.6ms | ActiveRecord: 35.3ms | Allocations: 8121)


Started GET "/api/v1/auctions/2" for ::1 at 2021-11-19 11:55:15 -0800
  [1m[35m (1.2ms)[0m  [1m[34mSELECT "schema_migrations"."version" FROM "schema_migrations" ORDER BY "schema_migrations"."version" ASC[0m
Processing by Api::V1::AuctionsController#show as JSON
  Parameters: {"id"=>"2"}
  [1m[36mAuction Load (2.5ms)[0m  [1m[34mSELECT "auctions".* FROM "auctions" WHERE "auctions"."id" = $1 LIMIT $2[0m  [["id", 2], ["LIMIT", 1]]
  ↳ app/controllers/api/v1/auctions_controller.rb:23:in `find_auction'
[active_model_serializers] Rendered ActiveModel::Serializer::Null with Auction (0.72ms)
Completed 200 OK in 198ms (Views: 84.3ms | ActiveRecord: 42.9ms | Allocations: 14607)


  [1m[36mAuction Load (0.5ms)[0m  [1m[34mSELECT "auctions".* FROM "auctions" ORDER BY "auctions"."id" ASC LIMIT $1[0m  [["LIMIT", 1]]
  [1m[36mBid Load (0.6ms)[0m  [1m[34mSELECT "bids".* FROM "bids" WHERE "bids"."auction_id" = $1 /* loading for inspect */ LIMIT $2[0m  [["auction_id", 2], ["LIMIT", 11]]
Started GET "/api/v1/auctiosfd" for ::1 at 2021-11-19 12:07:38 -0800
  [1m[35m (1.6ms)[0m  [1m[34mSELECT "schema_migrations"."version" FROM "schema_migrations" ORDER BY "schema_migrations"."version" ASC[0m
  
ActionController::RoutingError (No route matches [GET] "/api/v1/auctiosfd"):
  
Started GET "/api/v1/auctiosfd" for ::1 at 2021-11-19 12:08:30 -0800
  
ActionController::RoutingError (No route matches [GET] "/api/v1/auctiosfd"):
  
Started POST "/api/v1/auctions" for ::1 at 2021-11-19 12:10:17 -0800
Processing by Api::V1::AuctionsController#create as JSON
  Parameters: {"auction"=>{}}
Can't verify CSRF token authenticity.
Completed 422 Unprocessable Entity in 1ms (ActiveRecord: 6.1ms | Allocations: 542)


  
ActionController::InvalidAuthenticityToken (ActionController::InvalidAuthenticityToken):
  
actionpack (6.1.4.1) lib/action_controller/metal/request_forgery_protection.rb:211:in `handle_unverified_request'
actionpack (6.1.4.1) lib/action_controller/metal/request_forgery_protection.rb:243:in `handle_unverified_request'
actionpack (6.1.4.1) lib/action_controller/metal/request_forgery_protection.rb:238:in `verify_authenticity_token'
activesupport (6.1.4.1) lib/active_support/callbacks.rb:427:in `block in make_lambda'
activesupport (6.1.4.1) lib/active_support/callbacks.rb:198:in `block (2 levels) in halting'
actionpack (6.1.4.1) lib/abstract_controller/callbacks.rb:34:in `block (2 levels) in <module:Callbacks>'
activesupport (6.1.4.1) lib/active_support/callbacks.rb:199:in `block in halting'
activesupport (6.1.4.1) lib/active_support/callbacks.rb:512:in `block in invoke_before'
activesupport (6.1.4.1) lib/active_support/callbacks.rb:512:in `each'
activesupport (6.1.4.1) lib/active_support/callbacks.rb:512:in `invoke_before'
activesupport (6.1.4.1) lib/active_support/callbacks.rb:115:in `block in run_callbacks'
activesupport (6.1.4.1) lib/active_support/callbacks.rb:137:in `run_callbacks'
actionpack (6.1.4.1) lib/abstract_controller/callbacks.rb:41:in `process_action'
actionpack (6.1.4.1) lib/action_controller/metal/rescue.rb:22:in `process_action'
actionpack (6.1.4.1) lib/action_controller/metal/instrumentation.rb:34:in `block in process_action'
activesupport (6.1.4.1) lib/active_support/notifications.rb:203:in `block in instrument'
activesupport (6.1.4.1) lib/active_support/notifications/instrumenter.rb:24:in `instrument'
activesupport (6.1.4.1) lib/active_support/notifications.rb:203:in `instrument'
actionpack (6.1.4.1) lib/action_controller/metal/instrumentation.rb:33:in `process_action'
actionpack (6.1.4.1) lib/action_controller/metal/params_wrapper.rb:249:in `process_action'
activerecord (6.1.4.1) lib/active_record/railties/controller_runtime.rb:27:in `process_action'
actionpack (6.1.4.1) lib/abstract_controller/base.rb:165:in `process'
actionview (6.1.4.1) lib/action_view/rendering.rb:39:in `process'
actionpack (6.1.4.1) lib/action_controller/metal.rb:190:in `dispatch'
actionpack (6.1.4.1) lib/action_controller/metal.rb:254:in `dispatch'
actionpack (6.1.4.1) lib/action_dispatch/routing/route_set.rb:50:in `dispatch'
actionpack (6.1.4.1) lib/action_dispatch/routing/route_set.rb:33:in `serve'
actionpack (6.1.4.1) lib/action_dispatch/journey/router.rb:50:in `block in serve'
actionpack (6.1.4.1) lib/action_dispatch/journey/router.rb:32:in `each'
actionpack (6.1.4.1) lib/action_dispatch/journey/router.rb:32:in `serve'
actionpack (6.1.4.1) lib/action_dispatch/routing/route_set.rb:842:in `call'
rack (2.2.3) lib/rack/tempfile_reaper.rb:15:in `call'
rack (2.2.3) lib/rack/etag.rb:27:in `call'
rack (2.2.3) lib/rack/conditional_get.rb:40:in `call'
rack (2.2.3) lib/rack/head.rb:12:in `call'
actionpack (6.1.4.1) lib/action_dispatch/http/permissions_policy.rb:22:in `call'
actionpack (6.1.4.1) lib/action_dispatch/http/content_security_policy.rb:18:in `call'
rack (2.2.3) lib/rack/session/abstract/id.rb:266:in `context'
rack (2.2.3) lib/rack/session/abstract/id.rb:260:in `call'
actionpack (6.1.4.1) lib/action_dispatch/middleware/cookies.rb:689:in `call'
activerecord (6.1.4.1) lib/active_record/migration.rb:601:in `call'
actionpack (6.1.4.1) lib/action_dispatch/middleware/callbacks.rb:27:in `block in call'
activesupport (6.1.4.1) lib/active_support/callbacks.rb:98:in `run_callbacks'
actionpack (6.1.4.1) lib/action_dispatch/middleware/callbacks.rb:26:in `call'
actionpack (6.1.4.1) lib/action_dispatch/middleware/executor.rb:14:in `call'
actionpack (6.1.4.1) lib/action_dispatch/middleware/actionable_exceptions.rb:18:in `call'
actionpack (6.1.4.1) lib/action_dispatch/middleware/debug_exceptions.rb:29:in `call'
web-console (4.2.0) lib/web_console/middleware.rb:132:in `call_app'
web-console (4.2.0) lib/web_console/middleware.rb:28:in `block in call'
web-console (4.2.0) lib/web_console/middleware.rb:17:in `catch'
web-console (4.2.0) lib/web_console/middleware.rb:17:in `call'
actionpack (6.1.4.1) lib/action_dispatch/middleware/show_exceptions.rb:33:in `call'
railties (6.1.4.1) lib/rails/rack/logger.rb:37:in `call_app'
railties (6.1.4.1) lib/rails/rack/logger.rb:26:in `block in call'
activesupport (6.1.4.1) lib/active_support/tagged_logging.rb:99:in `block in tagged'
activesupport (6.1.4.1) lib/active_support/tagged_logging.rb:37:in `tagged'
activesupport (6.1.4.1) lib/active_support/tagged_logging.rb:99:in `tagged'
railties (6.1.4.1) lib/rails/rack/logger.rb:26:in `call'
sprockets-rails (3.4.0) lib/sprockets/rails/quiet_assets.rb:13:in `call'
actionpack (6.1.4.1) lib/action_dispatch/middleware/remote_ip.rb:81:in `call'
actionpack (6.1.4.1) lib/action_dispatch/middleware/request_id.rb:26:in `call'
rack (2.2.3) lib/rack/method_override.rb:24:in `call'
rack (2.2.3) lib/rack/runtime.rb:22:in `call'
activesupport (6.1.4.1) lib/active_support/cache/strategy/local_cache_middleware.rb:29:in `call'
actionpack (6.1.4.1) lib/action_dispatch/middleware/executor.rb:14:in `call'
actionpack (6.1.4.1) lib/action_dispatch/middleware/static.rb:24:in `call'
rack (2.2.3) lib/rack/sendfile.rb:110:in `call'
actionpack (6.1.4.1) lib/action_dispatch/middleware/host_authorization.rb:98:in `call'
rack-mini-profiler (2.3.3) lib/mini_profiler/profiler.rb:393:in `call'
webpacker (5.4.3) lib/webpacker/dev_server_proxy.rb:25:in `perform_request'
rack-proxy (0.7.0) lib/rack/proxy.rb:63:in `call'
railties (6.1.4.1) lib/rails/engine.rb:539:in `call'
puma (5.5.2) lib/puma/configuration.rb:249:in `call'
puma (5.5.2) lib/puma/request.rb:77:in `block in handle_request'
puma (5.5.2) lib/puma/thread_pool.rb:340:in `with_force_shutdown'
puma (5.5.2) lib/puma/request.rb:76:in `handle_request'
puma (5.5.2) lib/puma/server.rb:447:in `process_client'
puma (5.5.2) lib/puma/thread_pool.rb:147:in `block in spawn_thread'
Started POST "/api/v1/auctions" for ::1 at 2021-11-19 12:12:28 -0800
Processing by Api::V1::AuctionsController#create as JSON
  Parameters: {"auction"=>{}}
Completed 400 Bad Request in 12ms (ActiveRecord: 52.0ms | Allocations: 1383)


  
ActionController::ParameterMissing (param is missing or the value is empty: auction
Did you mean?  auction
               action
               controller
               format):
  
app/controllers/api/v1/auctions_controller.rb:18:in `create'
Started POST "/api/v1/auctions" for ::1 at 2021-11-19 12:16:31 -0800
Processing by Api::V1::AuctionsController#create as JSON
  Parameters: {"auctions"=>{"title"=>"airpods 3rd generation", "body"=>"almost a new one! Box included.", "price"=>200}, "auction"=>{}}
Completed 400 Bad Request in 1ms (ActiveRecord: 0.0ms | Allocations: 499)


  
ActionController::ParameterMissing (param is missing or the value is empty: auction
Did you mean?  auction
               auctions
               action
               controller):
  
app/controllers/api/v1/auctions_controller.rb:18:in `create'
Started POST "/api/v1/auctions" for ::1 at 2021-11-19 12:16:51 -0800
Processing by Api::V1::AuctionsController#create as JSON
  Parameters: {"auction"=>{"title"=>"airpods 3rd generation", "body"=>"almost a new one! Box included.", "price"=>200}}
  [1m[36mTRANSACTION (3.1ms)[0m  [1m[35mBEGIN[0m
  ↳ app/controllers/api/v1/auctions_controller.rb:19:in `create'
  [1m[36mAuction Create (126.3ms)[0m  [1m[32mINSERT INTO "auctions" ("title", "body", "created_at", "updated_at", "price") VALUES ($1, $2, $3, $4, $5) RETURNING "id"[0m  [["title", "airpods 3rd generation"], ["body", "almost a new one! Box included."], ["created_at", "2021-11-19 20:16:51.351976"], ["updated_at", "2021-11-19 20:16:51.351976"], ["price", 200]]
  ↳ app/controllers/api/v1/auctions_controller.rb:19:in `create'
  [1m[36mTRANSACTION (69.2ms)[0m  [1m[35mCOMMIT[0m
  ↳ app/controllers/api/v1/auctions_controller.rb:19:in `create'
[active_model_serializers] Rendered ActiveModel::Serializer::Null with Hash (1.03ms)
Completed 200 OK in 363ms (Views: 39.6ms | ActiveRecord: 237.9ms | Allocations: 11549)


Started GET "/api/v1/auctiosfd" for ::1 at 2021-11-19 12:20:58 -0800
  
ActionController::RoutingError (No route matches [GET] "/api/v1/auctiosfd"):
  
Started POST "/api/v1/auctions/3/bids" for ::1 at 2021-11-19 12:25:55 -0800
Processing by Api::V1::BidsController#create as JSON
  Parameters: {"bid"=>{"price"=>190}, "auction_id"=>"3"}
Completed 404 Not Found in 57ms (ActiveRecord: 41.6ms | Allocations: 2005)


  
ActiveRecord::RecordNotFound (Couldn't find Auction without an ID):
  
app/controllers/api/v1/bids_controller.rb:3:in `create'
Started POST "/api/v1/auctions/3/bids" for ::1 at 2021-11-19 12:27:30 -0800
Processing by Api::V1::BidsController#create as JSON
  Parameters: {"bid"=>{"price"=>190}, "auction_id"=>"3"}
  [1m[36mAuction Load (1.6ms)[0m  [1m[34mSELECT "auctions".* FROM "auctions" WHERE "auctions"."id" = $1 LIMIT $2[0m  [["id", 3], ["LIMIT", 1]]
  ↳ app/controllers/api/v1/bids_controller.rb:3:in `create'
  [1m[36mTRANSACTION (16.7ms)[0m  [1m[35mBEGIN[0m
  ↳ app/controllers/api/v1/bids_controller.rb:7:in `create'
  [1m[36mBid Create (4.8ms)[0m  [1m[32mINSERT INTO "bids" ("price", "auction_id", "created_at", "updated_at") VALUES ($1, $2, $3, $4) RETURNING "id"[0m  [["price", 190], ["auction_id", 3], ["created_at", "2021-11-19 20:27:30.285348"], ["updated_at", "2021-11-19 20:27:30.285348"]]
  ↳ app/controllers/api/v1/bids_controller.rb:7:in `create'
  [1m[36mTRANSACTION (47.3ms)[0m  [1m[35mCOMMIT[0m
  ↳ app/controllers/api/v1/bids_controller.rb:7:in `create'
[active_model_serializers] Rendered ActiveModel::Serializer::Null with Hash (0.15ms)
Completed 200 OK in 211ms (Views: 7.7ms | ActiveRecord: 143.0ms | Allocations: 14903)


Started GET "/api/v1/3" for ::1 at 2021-11-19 12:27:57 -0800
  
ActionController::RoutingError (No route matches [GET] "/api/v1/3"):
  
Started GET "/api/v1/3" for ::1 at 2021-11-19 12:28:02 -0800
  
ActionController::RoutingError (No route matches [GET] "/api/v1/3"):
  
Started GET "/api/v1/auctions/3" for ::1 at 2021-11-19 12:28:06 -0800
Processing by Api::V1::AuctionsController#show as JSON
  Parameters: {"id"=>"3"}
  [1m[36mAuction Load (1.7ms)[0m  [1m[34mSELECT "auctions".* FROM "auctions" WHERE "auctions"."id" = $1 LIMIT $2[0m  [["id", 3], ["LIMIT", 1]]
  ↳ app/controllers/api/v1/auctions_controller.rb:28:in `find_auction'
[active_model_serializers] Rendered ActiveModel::Serializer::Null with Auction (0.7ms)
Completed 200 OK in 95ms (Views: 5.5ms | ActiveRecord: 1.7ms | Allocations: 4640)


  [1m[35m (0.2ms)[0m  [1m[34mSELECT pg_try_advisory_lock(7780220355820923255)[0m
  [1m[35m (1.4ms)[0m  [1m[34mSELECT "schema_migrations"."version" FROM "schema_migrations" ORDER BY "schema_migrations"."version" ASC[0m
Migrating to CreateUsers (20211119203707)
  [1m[36mTRANSACTION (1.9ms)[0m  [1m[35mBEGIN[0m
  [1m[35m (46.8ms)[0m  [1m[35mCREATE TABLE "users" ("id" bigserial primary key, "full_name" character varying, "email" character varying, "password_digest" character varying, "created_at" timestamp(6) NOT NULL, "updated_at" timestamp(6) NOT NULL)[0m
  [1m[35m (1.3ms)[0m  [1m[35mCREATE UNIQUE INDEX "index_users_on_email" ON "users" ("email")[0m
  [1m[36mActiveRecord::SchemaMigration Create (0.4ms)[0m  [1m[32mINSERT INTO "schema_migrations" ("version") VALUES ($1) RETURNING "version"[0m  [["version", "20211119203707"]]
  [1m[36mTRANSACTION (0.9ms)[0m  [1m[35mCOMMIT[0m
  [1m[36mActiveRecord::InternalMetadata Load (1.9ms)[0m  [1m[34mSELECT "ar_internal_metadata".* FROM "ar_internal_metadata" WHERE "ar_internal_metadata"."key" = $1 LIMIT $2[0m  [["key", "environment"], ["LIMIT", 1]]
  [1m[35m (0.5ms)[0m  [1m[34mSELECT pg_advisory_unlock(7780220355820923255)[0m
  [1m[35m (1.3ms)[0m  [1m[34mSELECT "schema_migrations"."version" FROM "schema_migrations" ORDER BY "schema_migrations"."version" ASC[0m
Started GET "/api/v1/auctions/3/bids/2" for ::1 at 2021-11-19 12:44:52 -0800
  [1m[35m (1.2ms)[0m  [1m[34mSELECT "schema_migrations"."version" FROM "schema_migrations" ORDER BY "schema_migrations"."version" ASC[0m
  
ActionController::RoutingError (No route matches [GET] "/api/v1/auctions/3/bids/2"):
  
Started GET "/api/v1/auctions/3" for ::1 at 2021-11-19 12:45:11 -0800
Processing by Api::V1::AuctionsController#show as JSON
  Parameters: {"id"=>"3"}
  [1m[36mAuction Load (0.9ms)[0m  [1m[34mSELECT "auctions".* FROM "auctions" WHERE "auctions"."id" = $1 LIMIT $2[0m  [["id", 3], ["LIMIT", 1]]
  ↳ app/controllers/api/v1/auctions_controller.rb:28:in `find_auction'
[active_model_serializers] Rendered ActiveModel::Serializer::Null with Auction (0.9ms)
Completed 200 OK in 82ms (Views: 6.1ms | ActiveRecord: 12.9ms | Allocations: 14624)


Started GET "/api/v1/auctions/" for ::1 at 2021-11-19 12:45:53 -0800
Processing by Api::V1::AuctionsController#index as JSON
  [1m[36mAuction Load (25.4ms)[0m  [1m[34mSELECT "auctions".* FROM "auctions" ORDER BY "auctions"."created_at" DESC[0m
  ↳ app/controllers/api/v1/auctions_controller.rb:6:in `index'
[active_model_serializers] Rendered ActiveModel::Serializer::CollectionSerializer with ActiveModelSerializers::Adapter::Attributes (1.19ms)
Completed 200 OK in 123ms (Views: 39.2ms | ActiveRecord: 45.1ms | Allocations: 8115)


Started GET "/api/v1/auctions/" for ::1 at 2021-11-19 12:47:07 -0800
Processing by Api::V1::AuctionsController#index as JSON
  [1m[36mAuction Load (1.1ms)[0m  [1m[34mSELECT "auctions".* FROM "auctions" ORDER BY "auctions"."created_at" DESC[0m
  ↳ app/controllers/api/v1/auctions_controller.rb:6:in `index'
[active_model_serializers] Rendered ActiveModel::Serializer::CollectionSerializer with ActiveModelSerializers::Adapter::Attributes (0.84ms)
Completed 200 OK in 85ms (Views: 8.3ms | ActiveRecord: 44.1ms | Allocations: 5841)


Started GET "/api/v1/auctions/3" for ::1 at 2021-11-19 12:47:11 -0800
Processing by Api::V1::AuctionsController#show as JSON
  Parameters: {"id"=>"3"}
  [1m[36mAuction Load (12.0ms)[0m  [1m[34mSELECT "auctions".* FROM "auctions" WHERE "auctions"."id" = $1 LIMIT $2[0m  [["id", 3], ["LIMIT", 1]]
  ↳ app/controllers/api/v1/auctions_controller.rb:28:in `find_auction'
Completed 500 Internal Server Error in 44ms (ActiveRecord: 12.0ms | Allocations: 2451)


  
SyntaxError (/Users/dimple/bootcamp_demo/Quiz_3/bid_api/app/serializers/auction_serializer.rb:7: syntax error, unexpected symbol literal, expecting ')'
    :created_at,
    ^
):
  
app/serializers/auction_serializer.rb:7: syntax error, unexpected symbol literal, expecting ')'
app/serializers/auction_serializer.rb:7: syntax error, unexpected symbol literal, expecting ')'
app/serializers/auction_serializer.rb:7: syntax error, unexpected symbol literal, expecting ')'
app/controllers/api/v1/auctions_controller.rb:11:in `show'
Started GET "/api/v1/auctions/3" for ::1 at 2021-11-19 12:47:20 -0800
Processing by Api::V1::AuctionsController#show as JSON
  Parameters: {"id"=>"3"}
  [1m[36mAuction Load (2.3ms)[0m  [1m[34mSELECT "auctions".* FROM "auctions" WHERE "auctions"."id" = $1 LIMIT $2[0m  [["id", 3], ["LIMIT", 1]]
  ↳ app/controllers/api/v1/auctions_controller.rb:28:in `find_auction'
[active_model_serializers]   [1m[36mBid Load (2.4ms)[0m  [1m[34mSELECT "bids".* FROM "bids" WHERE "bids"."auction_id" = $1[0m  [["auction_id", 3]]
[active_model_serializers]   ↳ app/controllers/api/v1/auctions_controller.rb:11:in `show'
[active_model_serializers] Rendered AuctionSerializer with ActiveModelSerializers::Adapter::Attributes (133.88ms)
Completed 200 OK in 204ms (Views: 99.2ms | ActiveRecord: 63.9ms | Allocations: 17699)


